2023-05-25 14:28:05,718 =============================================================
2023-05-25 14:28:05,718 =============================================================
2023-05-25 14:28:05,718 Today is 2023-05-25 at 02:28 PM
2023-05-25 14:28:05,734 This file is running on: nt Windows 10
2023-05-25 14:28:05,734 The Python version is: 3.11.3
2023-05-25 14:28:05,734 The active conda environment is:  None
2023-05-25 14:28:05,734 The active pip environment is:    None
2023-05-25 14:28:05,735 The active environment path is:   C:\Users\cjack\AppData\Local\Programs\Python\Python311
2023-05-25 14:28:05,735 The current working directory is: C:\Users\cjack\Documents\GitHub\data-analytics-fund\datafun-03-datatypes
2023-05-25 14:28:05,735 This source file is in:           C:\Users\cjack\Documents\GitHub\data-analytics-fund\datafun-03-datatypes
2023-05-25 14:28:05,735 =============================================================
2023-05-25 14:28:05,735 =============================================================
2023-05-25 14:28:05,735 Calling functions from main block
2023-05-25 14:28:05,735 Calling process_text_woodchuck()
2023-05-25 14:28:05,735 The list of words is: ['How', 'much', 'wood', 'would', 'a', 'woodchuck', 'chuck', 'if', 'a', 'woodchuck', 'could', 'chuck', 'wood?', 'He', 'would', 'chuck,', 'he', 'would,', 'as', 'much', 'as', 'he', 'could,', 'and', 'chuck', 'as', 'much', 'wood', 'as', 'a', 'woodchuck', 'would', 'if', 'a', 'woodchuck', 'could', 'chuck', 'wood.']
2023-05-25 14:28:05,735 There are 38 words in the file.
2023-05-25 14:28:05,735 The set of unique words is: {'could,', 'as', 'chuck,', 'How', 'and', 'wood', 'would', 'wood?', 'he', 'could', 'a', 'wood.', 'would,', 'woodchuck', 'if', 'chuck', 'He', 'much'}
2023-05-25 14:28:05,735 There are 18 unique words in the file.
2023-05-25 14:28:05,735 Calling create_random_sentence()
2023-05-25 14:28:05,735 Random sentence: The scared bird runs quickly.
2023-05-25 14:28:05,735 Calling create_random_sentence()
2023-05-25 14:28:05,735 Random sentence: The bored cat studies scaredly.
2023-05-25 14:28:05,735 Calling play_game()
2023-05-25 14:28:05,735 ready_for_continous_game = True
